Wed 20 Mar 2024 05:09:51 PM UTC: 
 exercises.c | 5 +++++
 1 file changed, 5 insertions(+)
In file included from test.c:5:
exercises.c: In function ‘crea_lista’:
exercises.c:46:8: error: ‘i’ undeclared (first use in this function)
   46 |    for(i = 1; i <= 10; i++)
      |        ^
exercises.c:46:8: note: each undeclared identifier is reported only once for each function it appears in
exercises.c:49:18: error: expected expression before ‘List’
   49 |         pushBack(List *L, void *dato)
      |                  ^~~~
exercises.c:49:9: error: too few arguments to function ‘pushBack’
   49 |         pushBack(List *L, void *dato)
      |         ^~~~~~~~
In file included from exercises.c:6,
                 from test.c:5:
arraylist.h:20:6: note: declared here
   20 | void pushBack(List *L, void *dato);
      |      ^~~~~~~~
In file included from test.c:5:
exercises.c:49:38: error: expected ‘;’ before ‘}’ token
   49 |         pushBack(List *L, void *dato)
      |                                      ^
      |                                      ;
   50 |      }
      |      ~                                
exercises.c:48:13: error: unused variable ‘dato’ [-Werror=unused-variable]
   48 |        int *dato =(int*)malloc(sizeof(int));
      |             ^~~~
cc1: all warnings being treated as errors
Compilation failed
0979b5b
Wed 20 Mar 2024 05:10:05 PM UTC: 
 exercises.c | 2 +-
 1 file changed, 1 insertion(+), 1 deletion(-)
In file included from test.c:5:
exercises.c: In function ‘crea_lista’:
exercises.c:46:8: error: ‘i’ undeclared (first use in this function)
   46 |    for(i = 1; i <= 10; i++)
      |        ^
exercises.c:46:8: note: each undeclared identifier is reported only once for each function it appears in
exercises.c:49:18: error: expected expression before ‘List’
   49 |         pushBack(List *L, void &dato)
      |                  ^~~~
exercises.c:49:9: error: too few arguments to function ‘pushBack’
   49 |         pushBack(List *L, void &dato)
      |         ^~~~~~~~
In file included from exercises.c:6,
                 from test.c:5:
arraylist.h:20:6: note: declared here
   20 | void pushBack(List *L, void *dato);
      |      ^~~~~~~~
In file included from test.c:5:
exercises.c:49:38: error: expected ‘;’ before ‘}’ token
   49 |         pushBack(List *L, void &dato)
      |                                      ^
      |                                      ;
   50 |      }
      |      ~                                
exercises.c:48:13: error: unused variable ‘dato’ [-Werror=unused-variable]
   48 |        int *dato =(int*)malloc(sizeof(int));
      |             ^~~~
cc1: all warnings being treated as errors
Compilation failed
e71b5dd
Wed 20 Mar 2024 05:10:17 PM UTC: 
 exercises.c | 2 +-
 1 file changed, 1 insertion(+), 1 deletion(-)
In file included from test.c:5:
exercises.c: In function ‘crea_lista’:
exercises.c:46:8: error: ‘i’ undeclared (first use in this function)
   46 |    for(i = 1; i <= 10; i++)
      |        ^
exercises.c:46:8: note: each undeclared identifier is reported only once for each function it appears in
exercises.c:49:18: error: expected expression before ‘List’
   49 |         pushBack(List *L, void dato)
      |                  ^~~~
exercises.c:49:9: error: too few arguments to function ‘pushBack’
   49 |         pushBack(List *L, void dato)
      |         ^~~~~~~~
In file included from exercises.c:6,
                 from test.c:5:
arraylist.h:20:6: note: declared here
   20 | void pushBack(List *L, void *dato);
      |      ^~~~~~~~
In file included from test.c:5:
exercises.c:49:37: error: expected ‘;’ before ‘}’ token
   49 |         pushBack(List *L, void dato)
      |                                     ^
      |                                     ;
   50 |      }
      |      ~                               
exercises.c:48:13: error: unused variable ‘dato’ [-Werror=unused-variable]
   48 |        int *dato =(int*)malloc(sizeof(int));
      |             ^~~~
cc1: all warnings being treated as errors
Compilation failed
ae97c6f
Wed 20 Mar 2024 05:11:30 PM UTC: 
 exercises.c | 5 +++--
 1 file changed, 3 insertions(+), 2 deletions(-)
 tests:  1|4
total_score: 10/70
9e6894a
Wed 20 Mar 2024 05:14:29 PM UTC: 
 exercises.c | 7 +++++++
 1 file changed, 7 insertions(+)
 tests:  1|4
total_score: 10/70
c5f7728
Wed 20 Mar 2024 05:18:56 PM UTC: 
 exercises.c | 3 ++-
 1 file changed, 2 insertions(+), 1 deletion(-)
 tests:  2|3
total_score: 20/70
9b707e2
Wed 20 Mar 2024 05:24:48 PM UTC: 
 exercises.c | 8 +++++++-
 1 file changed, 7 insertions(+), 1 deletion(-)
In file included from test.c:5:
exercises.c: In function ‘eliminaElementos’:
exercises.c:83:13: error: comparison between pointer and integer [-Werror]
   83 |     if(dato == elem){
      |             ^~
cc1: all warnings being treated as errors
Compilation failed
ad251c6
Wed 20 Mar 2024 05:25:17 PM UTC: 
 exercises.c | 2 +-
 1 file changed, 1 insertion(+), 1 deletion(-)
 tests:  3|2
total_score: 40/70
fffa7ec
Thu 21 Mar 2024 06:28:49 PM UTC: 
 exercises.c | 35 +++++++++++++++++++++++++++++++++++
 1 file changed, 35 insertions(+)
In file included from test.c:5:
exercises.c: In function ‘copia_pila’:
exercises.c:99:9: error: unused variable ‘dato’ [-Werror=unused-variable]
   99 |   void* dato;
      |         ^~~~
exercises.c:98:10: error: unused variable ‘P3’ [-Werror=unused-variable]
   98 |   Stack* P3 = create_stack();
      |          ^~
cc1: all warnings being treated as errors
Compilation failed
a1459f4
Thu 21 Mar 2024 06:28:56 PM UTC: 
 exercises.c | 3 +--
 1 file changed, 1 insertion(+), 2 deletions(-)
 tests:  4|2
total_score: 40/70
8149249
Thu 21 Mar 2024 06:30:04 PM UTC: 
 exercises.c | 6 +++---
 1 file changed, 3 insertions(+), 3 deletions(-)
 tests:  3|2
total_score: 40/70
106a77d
Thu 21 Mar 2024 06:31:23 PM UTC: 
 exercises.c | 2 +-
 1 file changed, 1 insertion(+), 1 deletion(-)
 tests:  3|2
total_score: 40/70
106a77d
Thu 21 Mar 2024 06:32:59 PM UTC: 
 exercises.c | 5 +----
 1 file changed, 1 insertion(+), 4 deletions(-)
 tests:  3|2
total_score: 40/70
e39fed3
Thu 21 Mar 2024 06:35:25 PM UTC: 
 exercises.c | 8 +++++++-
 1 file changed, 7 insertions(+), 1 deletion(-)
 tests:  3|2
total_score: 40/70
2e0cc1e
Thu 21 Mar 2024 06:52:13 PM UTC: 
 exercises.c | 4 +---
 1 file changed, 1 insertion(+), 3 deletions(-)
In file included from test.c:6:
arraylist.c: In function ‘create_list’:
arraylist.c:15:34: error: invalid application of ‘sizeof’ to incomplete type ‘List’
   15 |   List* L = (List*)malloc(sizeof(List));
      |                                  ^~~~
arraylist.c:16:4: error: invalid use of incomplete typedef ‘List’
   16 |   L->current = 0;
      |    ^~
arraylist.c:17:4: error: invalid use of incomplete typedef ‘List’
   17 |   L->size = 0;
      |    ^~
arraylist.c: In function ‘first’:
arraylist.c:22:7: error: invalid use of incomplete typedef ‘List’
   22 |   if(L->size == 0) {
      |       ^~
arraylist.c:25:4: error: invalid use of incomplete typedef ‘List’
   25 |   L->current = 0;
      |    ^~
arraylist.c:26:11: error: invalid use of incomplete typedef ‘List’
   26 |   return L->data[L->current];
      |           ^~
arraylist.c:26:19: error: invalid use of incomplete typedef ‘List’
   26 |   return L->data[L->current];
      |                   ^~
arraylist.c: In function ‘next’:
arraylist.c:30:7: error: invalid use of incomplete typedef ‘List’
   30 |   if(L->current < L->size - 1) {
      |       ^~
arraylist.c:30:20: error: invalid use of incomplete typedef ‘List’
   30 |   if(L->current < L->size - 1) {
      |                    ^~
arraylist.c:31:6: error: invalid use of incomplete typedef ‘List’
   31 |     L->current++;
      |      ^~
arraylist.c:32:13: error: invalid use of incomplete typedef ‘List’
   32 |     return L->data[L->current];
      |             ^~
arraylist.c:32:21: error: invalid use of incomplete typedef ‘List’
   32 |     return L->data[L->current];
      |                     ^~
arraylist.c: In function ‘pushFront’:
arraylist.c:38:7: error: invalid use of incomplete typedef ‘List’
   38 |   if(L->size == 0) {
      |       ^~
arraylist.c:39:6: error: invalid use of incomplete typedef ‘List’
   39 |     L->data[0] = dato;
      |      ^~
arraylist.c:40:6: error: invalid use of incomplete typedef ‘List’
   40 |     L->size++;
      |      ^~
arraylist.c:43:16: error: invalid use of incomplete typedef ‘List’
   43 |   for(int i = L->size; i > 0; i--) {
      |                ^~
arraylist.c:44:6: error: invalid use of incomplete typedef ‘List’
   44 |     L->data[i] = L->data[i - 1];
      |      ^~
arraylist.c:44:19: error: invalid use of incomplete typedef ‘List’
   44 |     L->data[i] = L->data[i - 1];
      |                   ^~
arraylist.c:46:4: error: invalid use of incomplete typedef ‘List’
   46 |   L->data[0] = dato;
      |    ^~
arraylist.c:47:4: error: invalid use of incomplete typedef ‘List’
   47 |   L->size++;
      |    ^~
arraylist.c: In function ‘pushBack’:
arraylist.c:51:4: error: invalid use of incomplete typedef ‘List’
   51 |   L->data[L->size] = dato;
      |    ^~
arraylist.c:51:12: error: invalid use of incomplete typedef ‘List’
   51 |   L->data[L->size] = dato;
      |            ^~
arraylist.c:52:4: error: invalid use of incomplete typedef ‘List’
   52 |   L->size++;
      |    ^~
arraylist.c: In function ‘pushCurrent’:
arraylist.c:56:7: error: invalid use of incomplete typedef ‘List’
   56 |   if(L->size == 0) {
      |       ^~
arraylist.c:57:6: error: invalid use of incomplete typedef ‘List’
   57 |     L->data[0] = dato;
      |      ^~
arraylist.c:58:6: error: invalid use of incomplete typedef ‘List’
   58 |     L->size++;
      |      ^~
arraylist.c:61:16: error: invalid use of incomplete typedef ‘List’
   61 |   for(int i = L->size; i > L->current; i--) {
      |                ^~
arraylist.c:61:29: error: invalid use of incomplete typedef ‘List’
   61 |   for(int i = L->size; i > L->current; i--) {
      |                             ^~
arraylist.c:62:6: error: invalid use of incomplete typedef ‘List’
   62 |     L->data[i] = L->data[i - 1];
      |      ^~
arraylist.c:62:19: error: invalid use of incomplete typedef ‘List’
   62 |     L->data[i] = L->data[i - 1];
      |                   ^~
arraylist.c:64:4: error: invalid use of incomplete typedef ‘List’
   64 |   L->data[L->current + 1] = dato;
      |    ^~
arraylist.c:64:12: error: invalid use of incomplete typedef ‘List’
   64 |   L->data[L->current + 1] = dato;
      |            ^~
arraylist.c:65:4: error: invalid use of incomplete typedef ‘List’
   65 |   L->size++;
      |    ^~
arraylist.c: In function ‘popFront’:
arraylist.c:69:7: error: invalid use of incomplete typedef ‘List’
   69 |   if(L->size == 0) {
      |       ^~
arraylist.c:72:17: error: invalid use of incomplete typedef ‘List’
   72 |   void* dato = L->data[0];
      |                 ^~
arraylist.c:73:23: error: invalid use of incomplete typedef ‘List’
   73 |   for(int i = 0; i < L->size - 1; i++) {
      |                       ^~
arraylist.c:74:6: error: invalid use of incomplete typedef ‘List’
   74 |     L->data[i] = L->data[i + 1];
      |      ^~
arraylist.c:74:19: error: invalid use of incomplete typedef ‘List’
   74 |     L->data[i] = L->data[i + 1];
      |                   ^~
arraylist.c:76:4: error: invalid use of incomplete typedef ‘List’
   76 |   L->size--;
      |    ^~
arraylist.c: In function ‘popBack’:
arraylist.c:81:7: error: invalid use of incomplete typedef ‘List’
   81 |   if(L->size == 0) {
      |       ^~
arraylist.c:84:17: error: invalid use of incomplete typedef ‘List’
   84 |   void* dato = L->data[L->size - 1];
      |                 ^~
arraylist.c:84:25: error: invalid use of incomplete typedef ‘List’
   84 |   void* dato = L->data[L->size - 1];
      |                         ^~
arraylist.c:85:4: error: invalid use of incomplete typedef ‘List’
   85 |   L->size--;
      |    ^~
arraylist.c: In function ‘popCurrent’:
arraylist.c:90:7: error: invalid use of incomplete typedef ‘List’
   90 |   if(L->size == 0) {
      |       ^~
arraylist.c:93:17: error: invalid use of incomplete typedef ‘List’
   93 |   void* dato = L->data[L->current];
      |                 ^~
arraylist.c:93:25: error: invalid use of incomplete typedef ‘List’
   93 |   void* dato = L->data[L->current];
      |                         ^~
arraylist.c:94:16: error: invalid use of incomplete typedef ‘List’
   94 |   for(int i = L->current; i < L->size - 1; i++) {
      |                ^~
arraylist.c:94:32: error: invalid use of incomplete typedef ‘List’
   94 |   for(int i = L->current; i < L->size - 1; i++) {
      |                                ^~
arraylist.c:95:6: error: invalid use of incomplete typedef ‘List’
   95 |     L->data[i] = L->data[i + 1];
      |      ^~
arraylist.c:95:19: error: invalid use of incomplete typedef ‘List’
   95 |     L->data[i] = L->data[i + 1];
      |                   ^~
arraylist.c:97:4: error: invalid use of incomplete typedef ‘List’
   97 |   L->size--;
      |    ^~
arraylist.c:98:4: error: invalid use of incomplete typedef ‘List’
   98 |   L->current--;
      |    ^~
arraylist.c: In function ‘get_size’:
arraylist.c:103:11: error: invalid use of incomplete typedef ‘List’
  103 |   return L->size;
      |           ^~
test.c: In function ‘parentesisBalanceados’:
test.c:253:5: error: ‘main’ is normally a non-static function [-Werror=main]
  253 | int main( int argc, char *argv[] ) {
      |     ^~~~
test.c:271:1: error: expected declaration or statement at end of input
  271 | }
      | ^
test.c:272: error: control reaches end of non-void function [-Werror=return-type]
In file included from test.c:6:
arraylist.c: In function ‘first’:
arraylist.c:27:1: error: control reaches end of non-void function [-Werror=return-type]
   27 | }
      | ^
At top level:
test.c:253:5: error: ‘main’ defined but not used [-Werror=unused-function]
  253 | int main( int argc, char *argv[] ) {
      |     ^~~~
test.c:37:6: error: ‘info_msg’ defined but not used [-Werror=unused-function]
   37 | void info_msg(char* msg){
      |      ^~~~~~~~
In file included from test.c:6:
arraylist.c:102:5: error: ‘get_size’ defined but not used [-Werror=unused-function]
  102 | int get_size(List *L) {
      |     ^~~~~~~~
arraylist.c:89:7: error: ‘popCurrent’ defined but not used [-Werror=unused-function]
   89 | void* popCurrent(List *L) {
      |       ^~~~~~~~~~
arraylist.c:80:7: error: ‘popBack’ defined but not used [-Werror=unused-function]
   80 | void* popBack(List *L) {
      |       ^~~~~~~
arraylist.c:68:7: error: ‘popFront’ defined but not used [-Werror=unused-function]
   68 | void* popFront(List *L) {
      |       ^~~~~~~~
arraylist.c:55:6: error: ‘pushCurrent’ defined but not used [-Werror=unused-function]
   55 | void pushCurrent(List *L, void *dato) {
      |      ^~~~~~~~~~~
arraylist.c:37:6: error: ‘pushFront’ defined but not used [-Werror=unused-function]
   37 | void pushFront(List *L, void *dato) {
      |      ^~~~~~~~~
cc1: all warnings being treated as errors
Compilation failed
9136386
Thu 21 Mar 2024 06:55:07 PM UTC: 
 exercises.c | 4 +++-
 1 file changed, 3 insertions(+), 1 deletion(-)
In file included from test.c:5:
exercises.c: In function ‘copia_pila’:
exercises.c:99:9: error: unused variable ‘dato’ [-Werror=unused-variable]
   99 |   void* dato;
      |         ^~~~
exercises.c:98:10: error: unused variable ‘P3’ [-Werror=unused-variable]
   98 |   Stack* P3 = create_stack();
      |          ^~
exercises.c: In function ‘parentesisBalanceados’:
exercises.c:146:1: error: control reaches end of non-void function [-Werror=return-type]
  146 | }
      | ^
cc1: all warnings being treated as errors
Compilation failed
e072bd9
Thu 21 Mar 2024 06:55:14 PM UTC: 
 exercises.c | 3 +--
 1 file changed, 1 insertion(+), 2 deletions(-)
In file included from test.c:5:
exercises.c: In function ‘parentesisBalanceados’:
exercises.c:145:1: error: control reaches end of non-void function [-Werror=return-type]
  145 | }
      | ^
cc1: all warnings being treated as errors
Compilation failed
b1b5dbb
Thu 21 Mar 2024 06:55:52 PM UTC: 
 exercises.c | 5 ++---
 1 file changed, 2 insertions(+), 3 deletions(-)
In file included from test.c:5:
exercises.c: In function ‘parentesisBalanceados’:
exercises.c:144:1: error: control reaches end of non-void function [-Werror=return-type]
  144 | }
      | ^
cc1: all warnings being treated as errors
Compilation failed
7eaa0d2
Thu 21 Mar 2024 06:56:06 PM UTC: 
 exercises.c | 2 +-
 1 file changed, 1 insertion(+), 1 deletion(-)
 tests:  3|2
total_score: 40/70
90dc1c1
Thu 21 Mar 2024 07:07:09 PM UTC: 
 exercises.c | 16 +++++++++++++++-
 1 file changed, 15 insertions(+), 1 deletion(-)
In file included from test.c:5:
exercises.c: In function ‘copia_pila’:
exercises.c:109:14: error: expected ‘;’ before ‘}’ token
  109 |       pop(P3)
      |              ^
      |              ;
  110 |     }
      |     ~         
exercises.c: In function ‘parentesisBalanceados’:
exercises.c:135:10: error: ‘pero’ undeclared (first use in this function)
  135 |         {pero
      |          ^~~~
exercises.c:135:10: note: each undeclared identifier is reported only once for each function it appears in
exercises.c:135:14: error: expected ‘;’ before ‘if’
  135 |         {pero
      |              ^
      |              ;
  136 |           if(strcmp(top(P1), "(") == 0)
      |           ~~  
exercises.c:138:11: error: expected ‘}’ before ‘else’
  138 |           else
      |           ^~~~
exercises.c:141:9: error: ‘else’ without a previous ‘if’
  141 |         else if(cadena[i] == ']')
      |         ^~~~
exercises.c: At top level:
exercises.c:157:3: error: expected identifier or ‘(’ before ‘return’
  157 |   return 1;
      |   ^~~~~~
exercises.c:158:1: error: expected identifier or ‘(’ before ‘}’ token
  158 | }
      | ^
exercises.c: In function ‘parentesisBalanceados’:
exercises.c:156:3: error: control reaches end of non-void function [-Werror=return-type]
  156 |   }
      |   ^
cc1: all warnings being treated as errors
Compilation failed
8db9d0e
Thu 21 Mar 2024 07:07:14 PM UTC: 
 exercises.c | 2 +-
 1 file changed, 1 insertion(+), 1 deletion(-)
In file included from test.c:5:
exercises.c: In function ‘parentesisBalanceados’:
exercises.c:135:10: error: ‘pero’ undeclared (first use in this function)
  135 |         {pero
      |          ^~~~
exercises.c:135:10: note: each undeclared identifier is reported only once for each function it appears in
exercises.c:135:14: error: expected ‘;’ before ‘if’
  135 |         {pero
      |              ^
      |              ;
  136 |           if(strcmp(top(P1), "(") == 0)
      |           ~~  
exercises.c:138:11: error: expected ‘}’ before ‘else’
  138 |           else
      |           ^~~~
exercises.c:141:9: error: ‘else’ without a previous ‘if’
  141 |         else if(cadena[i] == ']')
      |         ^~~~
exercises.c: At top level:
exercises.c:157:3: error: expected identifier or ‘(’ before ‘return’
  157 |   return 1;
      |   ^~~~~~
exercises.c:158:1: error: expected identifier or ‘(’ before ‘}’ token
  158 | }
      | ^
exercises.c: In function ‘parentesisBalanceados’:
exercises.c:156:3: error: control reaches end of non-void function [-Werror=return-type]
  156 |   }
      |   ^
cc1: all warnings being treated as errors
Compilation failed
2182e1b
Thu 21 Mar 2024 07:07:21 PM UTC: 
 exercises.c | 2 +-
 1 file changed, 1 insertion(+), 1 deletion(-)
 tests:  0|0
4cd2c3e
